#
# A fatal error has been detected by the Java Runtime Environment:
#
#  EXCEPTION_ACCESS_VIOLATION (0xc0000005) at pc=0x000000005d28f1ae, pid=2972, tid=4856
#
# JRE version: Java(TM) SE Runtime Environment (7.0_51-b13) (build 1.7.0_51-b13)
# Java VM: Java HotSpot(TM) 64-Bit Server VM (24.51-b03 mixed mode windows-amd64 compressed oops)
# Problematic frame:
# V  [jvm.dll+0x11f1ae]
#
# Failed to write core dump. Minidumps are not enabled by default on client versions of Windows
#
# If you would like to submit a bug report, please visit:
#   http://bugreport.sun.com/bugreport/crash.jsp
#

---------------  T H R E A D  ---------------

Current thread (0x000000000db39800):  JavaThread "Thread-9" [_thread_in_vm, id=4856, stack(0x0000000018550000,0x0000000018650000)]

siginfo: ExceptionCode=0xc0000005, reading address 0x0000000000000000

Registers:
RAX=0x0000000000000000, RBX=0x000000000db39800, RCX=0x0000000000000980, RDX=0x00000000104ef490
RSP=0x000000001864f090, RBP=0x0000000000000000, RSI=0x00000000104ef490, RDI=0x0000000000000001
R8 =0x0000000000000000, R9 =0x0000000782c170b0, R10=0x000000000000046e, R11=0x000000005d8bba20
R12=0x0000000000000000, R13=0x00000007827e95c0, R14=0x00000000f0502110, R15=0x000000000db39800
RIP=0x000000005d28f1ae, EFLAGS=0x0000000000010206

Top of Stack: (sp=0x000000001864f090)
0x000000001864f090:   0000000000000000 0000000000000000
0x000000001864f0a0:   000000077ee546e0 000000001864f140
0x000000001864f0b0:   0000000000000000 0000000180001419
0x000000001864f0c0:   00000000efdca8dc 000000001864f140
0x000000001864f0d0:   000000077ee546e0 00000001800012f8
0x000000001864f0e0:   000000001864f100 0000000180002410
0x000000001864f0f0:   0000000782860fe8 00000001800012c2
0x000000001864f100:   0000000782860fe8 0000000180001289
0x000000001864f110:   00000000efdca8dc 00000000026a0622
0x000000001864f120:   0000000000000000 00000000026a0622
0x000000001864f130:   00000007e15ce070 0000000000000000
0x000000001864f140:   0000000000000000 0000000000000000
0x000000001864f150:   0000000000000000 0000000000000000
0x000000001864f160:   000000001864f110 0000000000000000
0x000000001864f170:   0000000000000000 0000000000000000
0x000000001864f180:   000000001864f100 0000000000000000 

Instructions: (pc=0x000000005d28f1ae)
0x000000005d28f18e:   00 00 00 30 74 08 48 8b cb e8 34 4a 0d 00 c7 83
0x000000005d28f19e:   60 02 00 00 06 00 00 00 40 b7 01 48 85 f6 74 64
0x000000005d28f1ae:   48 8b 4d 00 40 32 ff e8 86 33 f3 ff 48 8b d0 48
0x000000005d28f1be:   85 c0 74 50 40 38 3d 6f ba 62 00 48 8b 06 74 15 


Register to memory mapping:

RAX=0x0000000000000000 is an unknown value
RBX=0x000000000db39800 is a thread
RCX=0x0000000000000980 is an unknown value
RDX=0x00000000104ef490 is an unknown value
RSP=0x000000001864f090 is pointing into the stack for thread: 0x000000000db39800
RBP=0x0000000000000000 is an unknown value
RSI=0x00000000104ef490 is an unknown value
RDI=0x0000000000000001 is an unknown value
R8 =0x0000000000000000 is an unknown value
R9 =0x0000000782c170b0 is an oop
com.sun.jna.Function 
 - klass: 'com/sun/jna/Function'
R10=0x000000000000046e is an unknown value
R11=0x000000005d8bba20 is an unknown value
R12=0x0000000000000000 is an unknown value
R13=0x00000007827e95c0 is an oop
java.lang.Class 
 - klass: 'java/lang/Class'
R14=0x00000000f0502110 is an unknown value
R15=0x000000000db39800 is a thread


Stack: [0x0000000018550000,0x0000000018650000],  sp=0x000000001864f090,  free space=1020k
Native frames: (J=compiled Java code, j=interpreted, Vv=VM code, C=native code)
V  [jvm.dll+0x11f1ae]

[error occurred during error reporting (printing native stack), id 0xc0000005]

Java frames: (J=compiled Java code, j=interpreted, Vv=VM code)
J  com.sun.jna.Function.invokeInt(I[Ljava/lang/Object;)I
J  com.sun.jna.Function.invoke([Ljava/lang/Object;Ljava/lang/Class;Z)Ljava/lang/Object;
J  com.sun.jna.Function.invoke(Ljava/lang/Class;[Ljava/lang/Object;Ljava/util/Map;)Ljava/lang/Object;
J  com.sun.jna.Library$Handler.invoke(Ljava/lang/Object;Ljava/lang/reflect/Method;[Ljava/lang/Object;)Ljava/lang/Object;
J  org.adox.app.util.biometrico.BiominiUtil.IdentificarGuardarAsistencia()V
J  org.adox.app.util.biometrico.BiominiUtil.IdentificarAsistencia()V
j  org.adox.app.view.aplicacion.ifAsistencias.EncenderLector()V+16
j  org.adox.app.view.aplicacion.ifAsistencias.access$200(Lorg/adox/app/view/aplicacion/ifAsistencias;)V+1
j  org.adox.app.view.aplicacion.ifAsistencias$3.run()V+4
v  ~StubRoutines::call_stub

---------------  P R O C E S S  ---------------

Java Threads: ( => current thread )
  0x000000000db3f800 JavaThread "Thread-0" daemon [_thread_in_native, id=3428, stack(0x000000001b530000,0x000000001b630000)]
  0x000000000db3d800 JavaThread "Thread-7" [_thread_blocked, id=520, stack(0x0000000018bd0000,0x0000000018cd0000)]
  0x000000000db3c800 JavaThread "Thread-3" [_thread_blocked, id=6056, stack(0x000000001b3e0000,0x000000001b4e0000)]
  0x000000000db3f000 JavaThread "Image Animator 0" daemon [_thread_blocked, id=5692, stack(0x0000000018920000,0x0000000018a20000)]
  0x000000000db3a800 JavaThread "D3D Screen Updater" daemon [_thread_blocked, id=2680, stack(0x000000000d640000,0x000000000d740000)]
  0x000000000db3c000 JavaThread "Thread-5" [_thread_blocked, id=4808, stack(0x00000000187c0000,0x00000000188c0000)]
  0x000000000db3b000 JavaThread "Thread-11" [_thread_blocked, id=2824, stack(0x000000000d880000,0x000000000d980000)]
=>0x000000000db39800 JavaThread "Thread-9" [_thread_in_vm, id=4856, stack(0x0000000018550000,0x0000000018650000)]
  0x000000000d9ff000 JavaThread "Thread-6" [_thread_blocked, id=5700, stack(0x0000000016970000,0x0000000016a70000)]
  0x00000000104e1800 JavaThread "TimerQueue" daemon [_thread_blocked, id=3304, stack(0x0000000012390000,0x0000000012490000)]
  0x00000000022ef000 JavaThread "DestroyJavaVM" [_thread_blocked, id=5160, stack(0x00000000025a0000,0x00000000026a0000)]
  0x000000000db38800 JavaThread "AWT-EventQueue-0" [_thread_blocked, id=2536, stack(0x000000000ff40000,0x0000000010040000)]
  0x000000000da3a800 JavaThread "Direct Clip" daemon [_thread_blocked, id=4128, stack(0x000000000fe30000,0x000000000ff30000)]
  0x000000000cb21000 JavaThread "Java Sound Event Dispatcher" daemon [_thread_blocked, id=2960, stack(0x000000000f410000,0x000000000f510000)]
  0x000000000ca7b000 JavaThread "AWT-Windows" daemon [_thread_in_native, id=5768, stack(0x000000000d340000,0x000000000d440000)]
  0x000000000ca76800 JavaThread "AWT-Shutdown" [_thread_blocked, id=2096, stack(0x000000000d110000,0x000000000d210000)]
  0x000000000ca73000 JavaThread "Java2D Disposer" daemon [_thread_blocked, id=5976, stack(0x000000000ceb0000,0x000000000cfb0000)]
  0x000000000a9f7000 JavaThread "Service Thread" daemon [_thread_blocked, id=5848, stack(0x000000000c4b0000,0x000000000c5b0000)]
  0x000000000a9f6000 JavaThread "C2 CompilerThread1" daemon [_thread_blocked, id=4044, stack(0x000000000bd60000,0x000000000be60000)]
  0x000000000a9f0800 JavaThread "C2 CompilerThread0" daemon [_thread_blocked, id=2652, stack(0x000000000c270000,0x000000000c370000)]
  0x000000000a9ef000 JavaThread "Attach Listener" daemon [_thread_blocked, id=2964, stack(0x000000000c150000,0x000000000c250000)]
  0x000000000a9e8000 JavaThread "Signal Dispatcher" daemon [_thread_blocked, id=3540, stack(0x000000000bf80000,0x000000000c080000)]
  0x000000000a997800 JavaThread "Finalizer" daemon [_thread_blocked, id=6008, stack(0x000000000be80000,0x000000000bf80000)]
  0x000000000a98e000 JavaThread "Reference Handler" daemon [_thread_blocked, id=3976, stack(0x000000000bbc0000,0x000000000bcc0000)]

Other Threads:
  0x000000000a988000 VMThread [stack: 0x000000000ba10000,0x000000000bb10000] [id=748]
  0x000000000aa09000 WatcherThread [stack: 0x000000000c6a0000,0x000000000c7a0000] [id=5928]

VM state:synchronizing (normal execution)

VM Mutex/Monitor currently owned by a thread:  ([mutex/lock_event])
[0x00000000022ed7a0] Threads_lock - owner thread: 0x000000000a988000

Heap
 PSYoungGen      total 446976K, used 356251K [0x00000007d6080000, 0x0000000800000000, 0x0000000800000000)
  eden space 251392K, 75% used [0x00000007d6080000,0x00000007e1adef80,0x00000007e5600000)
  from space 195584K, 84% used [0x00000007f4100000,0x00000007fe288000,0x0000000800000000)
  to   space 218112K, 0% used [0x00000007e5600000,0x00000007e5600000,0x00000007f2b00000)
 ParOldGen       total 249856K, used 123103K [0x0000000782200000, 0x0000000791600000, 0x00000007d6080000)
  object space 249856K, 49% used [0x0000000782200000,0x0000000789a37ea0,0x0000000791600000)
 PSPermGen       total 73216K, used 37471K [0x000000077d000000, 0x0000000781780000, 0x0000000782200000)
  object space 73216K, 51% used [0x000000077d000000,0x000000077f497fa0,0x0000000781780000)

Card table byte_map: [0x00000000056a0000,0x0000000005ac0000] byte_map_base: 0x0000000001ab8000

Polling page: 0x0000000000340000

Code Cache  [0x00000000026a0000, 0x0000000002a30000, 0x00000000056a0000)
 total_blobs=1686 nmethods=1048 adapters=590 free_code_cache=45594Kb largest_free_block=46613504

Compilation events (10 events):
Event: 87.837 Thread 0x000000000a9f6000 1121             sun.java2d.pipe.RenderQueue::addReference (12 bytes)
Event: 87.841 Thread 0x000000000a9f6000 nmethod 1121 0x0000000002a1f0d0 code [0x0000000002a1f220, 0x0000000002a1f328]
Event: 87.931 Thread 0x000000000a9f0800 1122             java.awt.geom.EllipseIterator::isDone (14 bytes)
Event: 87.932 Thread 0x000000000a9f0800 nmethod 1122 0x0000000002a0b610 code [0x0000000002a0b740, 0x0000000002a0b7b8]
Event: 87.955 Thread 0x000000000a9f6000 1123             javax.swing.GroupLayout$Spring::getPreferredSize (27 bytes)
Event: 87.955 Thread 0x000000000a9f0800 1124             javax.swing.GroupLayout$Group::getSpring (14 bytes)
Event: 87.958 Thread 0x000000000a9f6000 nmethod 1123 0x0000000002a09e90 code [0x0000000002a09fe0, 0x0000000002a0a078]
Event: 87.959 Thread 0x000000000a9f0800 nmethod 1124 0x0000000002a03b50 code [0x0000000002a03ca0, 0x0000000002a03db8]
Event: 88.634 Thread 0x000000000a9f0800 1125             java.awt.Font::hasLayoutAttributes (5 bytes)
Event: 88.635 Thread 0x000000000a9f0800 nmethod 1125 0x0000000002a0b3d0 code [0x0000000002a0b500, 0x0000000002a0b558]

GC Heap History (10 events):
Event: 47.321 GC heap before
{Heap before GC invocations=10 (full 2):
 PSYoungGen      total 281600K, used 210944K [0x00000007d6080000, 0x00000007f3280000, 0x0000000800000000)
  eden space 210944K, 100% used [0x00000007d6080000,0x00000007e2e80000,0x00000007e2e80000)
  from space 70656K, 0% used [0x00000007e2e80000,0x00000007e2e80000,0x00000007e7380000)
  to   space 102912K, 0% used [0x00000007ece00000,0x00000007ece00000,0x00000007f3280000)
 ParOldGen       total 249856K, used 112702K [0x0000000782200000, 0x0000000791600000, 0x00000007d6080000)
  object space 249856K, 45% used [0x0000000782200000,0x000000078900fa98,0x0000000791600000)
 PSPermGen       total 73216K, used 33583K [0x000000077d000000, 0x0000000781780000, 0x0000000782200000)
  object space 73216K, 45% used [0x000000077d000000,0x000000077f0cbdc8,0x0000000781780000)
Event: 48.216 GC heap after
Heap after GC invocations=10 (full 2):
 PSYoungGen      total 349696K, used 102910K [0x00000007d6080000, 0x00000007f8900000, 0x0000000800000000)
  eden space 246784K, 0% used [0x00000007d6080000,0x00000007d6080000,0x00000007e5180000)
  from space 102912K, 99% used [0x00000007ece00000,0x00000007f327f870,0x00000007f3280000)
  to   space 127488K, 0% used [0x00000007e5180000,0x00000007e5180000,0x00000007ece00000)
 ParOldGen       total 249856K, used 120290K [0x0000000782200000, 0x0000000791600000, 0x00000007d6080000)
  object space 249856K, 48% used [0x0000000782200000,0x0000000789778a48,0x0000000791600000)
 PSPermGen       total 73216K, used 33583K [0x000000077d000000, 0x0000000781780000, 0x0000000782200000)
  object space 73216K, 45% used [0x000000077d000000,0x000000077f0cbdc8,0x0000000781780000)
}
Event: 55.392 GC heap before
{Heap before GC invocations=11 (full 2):
 PSYoungGen      total 349696K, used 349694K [0x00000007d6080000, 0x00000007f8900000, 0x0000000800000000)
  eden space 246784K, 100% used [0x00000007d6080000,0x00000007e5180000,0x00000007e5180000)
  from space 102912K, 99% used [0x00000007ece00000,0x00000007f327f870,0x00000007f3280000)
  to   space 127488K, 0% used [0x00000007e5180000,0x00000007e5180000,0x00000007ece00000)
 ParOldGen       total 249856K, used 120290K [0x0000000782200000, 0x0000000791600000, 0x00000007d6080000)
  object space 249856K, 48% used [0x0000000782200000,0x0000000789778a48,0x0000000791600000)
 PSPermGen       total 73216K, used 36898K [0x000000077d000000, 0x0000000781780000, 0x0000000782200000)
  object space 73216K, 50% used [0x000000077d000000,0x000000077f4088c0,0x0000000781780000)
Event: 56.306 GC heap after
Heap after GC invocations=11 (full 2):
 PSYoungGen      total 374272K, used 125430K [0x00000007d6080000, 0x00000007fc280000, 0x0000000800000000)
  eden space 246784K, 0% used [0x00000007d6080000,0x00000007d6080000,0x00000007e5180000)
  from space 127488K, 98% used [0x00000007e5180000,0x00000007ecbfd8b8,0x00000007ece00000)
  to   space 151040K, 0% used [0x00000007f2f00000,0x00000007f2f00000,0x00000007fc280000)
 ParOldGen       total 249856K, used 120290K [0x0000000782200000, 0x0000000791600000, 0x00000007d6080000)
  object space 249856K, 48% used [0x0000000782200000,0x0000000789778a48,0x0000000791600000)
 PSPermGen       total 73216K, used 36898K [0x000000077d000000, 0x0000000781780000, 0x0000000782200000)
  object space 73216K, 50% used [0x000000077d000000,0x000000077f4088c0,0x0000000781780000)
}
Event: 63.005 GC heap before
{Heap before GC invocations=12 (full 2):
 PSYoungGen      total 374272K, used 372214K [0x00000007d6080000, 0x00000007fc280000, 0x0000000800000000)
  eden space 246784K, 100% used [0x00000007d6080000,0x00000007e5180000,0x00000007e5180000)
  from space 127488K, 98% used [0x00000007e5180000,0x00000007ecbfd8b8,0x00000007ece00000)
  to   space 151040K, 0% used [0x00000007f2f00000,0x00000007f2f00000,0x00000007fc280000)
 ParOldGen       total 249856K, used 120290K [0x0000000782200000, 0x0000000791600000, 0x00000007d6080000)
  object space 249856K, 48% used [0x0000000782200000,0x0000000789778a48,0x0000000791600000)
 PSPermGen       total 73216K, used 36995K [0x000000077d000000, 0x0000000781780000, 0x0000000782200000)
  object space 73216K, 50% used [0x000000077d000000,0x000000077f420e60,0x0000000781780000)
Event: 63.991 GC heap after
Heap after GC invocations=12 (full 2):
 PSYoungGen      total 456192K, used 127642K [0x00000007d6080000, 0x00000007fe980000, 0x0000000800000000)
  eden space 305152K, 0% used [0x00000007d6080000,0x00000007d6080000,0x00000007e8a80000)
  from space 151040K, 84% used [0x00000007f2f00000,0x00000007faba6a18,0x00000007fc280000)
  to   space 168448K, 0% used [0x00000007e8a80000,0x00000007e8a80000,0x00000007f2f00000)
 ParOldGen       total 249856K, used 120290K [0x0000000782200000, 0x0000000791600000, 0x00000007d6080000)
  object space 249856K, 48% used [0x0000000782200000,0x0000000789778a48,0x0000000791600000)
 PSPermGen       total 73216K, used 36995K [0x000000077d000000, 0x0000000781780000, 0x0000000782200000)
  object space 73216K, 50% used [0x000000077d000000,0x000000077f420e60,0x0000000781780000)
}
Event: 72.356 GC heap before
{Heap before GC invocations=13 (full 2):
 PSYoungGen      total 456192K, used 432794K [0x00000007d6080000, 0x00000007fe980000, 0x0000000800000000)
  eden space 305152K, 100% used [0x00000007d6080000,0x00000007e8a80000,0x00000007e8a80000)
  from space 151040K, 84% used [0x00000007f2f00000,0x00000007faba6a18,0x00000007fc280000)
  to   space 168448K, 0% used [0x00000007e8a80000,0x00000007e8a80000,0x00000007f2f00000)
 ParOldGen       total 249856K, used 120290K [0x0000000782200000, 0x0000000791600000, 0x00000007d6080000)
  object space 249856K, 48% used [0x0000000782200000,0x0000000789778a48,0x0000000791600000)
 PSPermGen       total 73216K, used 37073K [0x000000077d000000, 0x0000000781780000, 0x0000000782200000)
  object space 73216K, 50% used [0x000000077d000000,0x000000077f434418,0x0000000781780000)
Event: 73.501 GC heap after
Heap after GC invocations=13 (full 2):
 PSYoungGen      total 473600K, used 163296K [0x00000007d6080000, 0x0000000800000000, 0x0000000800000000)
  eden space 305152K, 0% used [0x00000007d6080000,0x00000007d6080000,0x00000007e8a80000)
  from space 168448K, 96% used [0x00000007e8a80000,0x00000007f29f8000,0x00000007f2f00000)
  to   space 195584K, 0% used [0x00000007f4100000,0x00000007f4100000,0x0000000800000000)
 ParOldGen       total 249856K, used 122925K [0x0000000782200000, 0x0000000791600000, 0x00000007d6080000)
  object space 249856K, 49% used [0x0000000782200000,0x0000000789a0b5d0,0x0000000791600000)
 PSPermGen       total 73216K, used 37073K [0x000000077d000000, 0x0000000781780000, 0x0000000782200000)
  object space 73216K, 50% used [0x000000077d000000,0x000000077f434418,0x0000000781780000)
}
Event: 81.989 GC heap before
{Heap before GC invocations=14 (full 2):
 PSYoungGen      total 473600K, used 468448K [0x00000007d6080000, 0x0000000800000000, 0x0000000800000000)
  eden space 305152K, 100% used [0x00000007d6080000,0x00000007e8a80000,0x00000007e8a80000)
  from space 168448K, 96% used [0x00000007e8a80000,0x00000007f29f8000,0x00000007f2f00000)
  to   space 195584K, 0% used [0x00000007f4100000,0x00000007f4100000,0x0000000800000000)
 ParOldGen       total 249856K, used 122925K [0x0000000782200000, 0x0000000791600000, 0x00000007d6080000)
  object space 249856K, 49% used [0x0000000782200000,0x0000000789a0b5d0,0x0000000791600000)
 PSPermGen       total 73216K, used 37195K [0x000000077d000000, 0x0000000781780000, 0x0000000782200000)
  object space 73216K, 50% used [0x000000077d000000,0x000000077f452f88,0x0000000781780000)
Event: 83.215 GC heap after
Heap after GC invocations=14 (full 2):
 PSYoungGen      total 446976K, used 165408K [0x00000007d6080000, 0x0000000800000000, 0x0000000800000000)
  eden space 251392K, 0% used [0x00000007d6080000,0x00000007d6080000,0x00000007e5600000)
  from space 195584K, 84% used [0x00000007f4100000,0x00000007fe288000,0x0000000800000000)
  to   space 218112K, 0% used [0x00000007e5600000,0x00000007e5600000,0x00000007f2b00000)
 ParOldGen       total 249856K, used 123103K [0x0000000782200000, 0x0000000791600000, 0x00000007d6080000)
  object space 249856K, 49% used [0x0000000782200000,0x0000000789a37ea0,0x0000000791600000)
 PSPermGen       total 73216K, used 37195K [0x000000077d000000, 0x0000000781780000, 0x0000000782200000)
  object space 73216K, 50% used [0x000000077d000000,0x000000077f452f88,0x0000000781780000)
}

Deoptimization events (10 events):
Event: 87.732 Thread 0x000000000db38800 Uncommon trap: reason=class_check action=maybe_recompile pc=0x0000000002a2506c method=java.awt.EventDispatchThread.pumpOneEventForFilters(I)V @ 99
Event: 87.732 Thread 0x000000000db38800 Uncommon trap: reason=unreached action=reinterpret pc=0x0000000002a0e3e0 method=javax.swing.RepaintManager.addDirtyRegion0(Ljava/awt/Container;IIII)V @ 94
Event: 87.733 Thread 0x000000000db38800 Uncommon trap: reason=class_check action=maybe_recompile pc=0x00000000029bbbb0 method=java.awt.Component.getGraphics()Ljava/awt/Graphics; @ 114
Event: 87.735 Thread 0x000000000db38800 Uncommon trap: reason=class_check action=maybe_recompile pc=0x000000000289d18c method=sun.java2d.pipe.BufferedContext.validate(Lsun/java2d/pipe/hw/AccelSurface;Lsun/java2d/pipe/hw/AccelSurface;Lsun/java2d/pipe/Region;Ljava/awt/Composite;Ljava/awt/geom/Affi8
Event: 87.808 Thread 0x000000000db38800 Uncommon trap: reason=unreached action=reinterpret pc=0x0000000002a08234 method=com.seaglasslookandfeel.SeaGlassStyle.getBorderPainter(Ljavax/swing/plaf/synth/SynthContext;)Lcom/seaglasslookandfeel/painter/SeaGlassPainter; @ 46
Event: 87.941 Thread 0x000000000db38800 Uncommon trap: reason=class_check action=maybe_recompile pc=0x0000000002a2506c method=java.awt.EventDispatchThread.pumpOneEventForFilters(I)V @ 99
Event: 87.941 Thread 0x000000000db38800 Uncommon trap: reason=class_check action=maybe_recompile pc=0x0000000002a2506c method=java.awt.EventDispatchThread.pumpOneEventForFilters(I)V @ 99
Event: 87.961 Thread 0x000000000db38800 Uncommon trap: reason=class_check action=maybe_recompile pc=0x00000000029bbbb0 method=java.awt.Component.getGraphics()Ljava/awt/Graphics; @ 114
Event: 88.361 Thread 0x000000000db38800 Uncommon trap: reason=class_check action=maybe_recompile pc=0x00000000029bbbb0 method=java.awt.Component.getGraphics()Ljava/awt/Graphics; @ 114
Event: 88.624 Thread 0x000000000db38800 Uncommon trap: reason=class_check action=maybe_recompile pc=0x00000000029bbbb0 method=java.awt.Component.getGraphics()Ljava/awt/Graphics; @ 114

Internal exceptions (10 events):
Event: 68.397 Thread 0x000000000db38800 Threw 0x00000007df57c7f0 at C:\re\jdk7u51\527\hotspot\src\share\vm\prims\jvm.cpp:1244
Event: 68.399 Thread 0x000000000db38800 Threw 0x00000007df580c30 at C:\re\jdk7u51\527\hotspot\src\share\vm\prims\jvm.cpp:1244
Event: 68.432 Thread 0x000000000db38800 Implicit null exception at 0x00000000028f8694 to 0x00000000028f9231
Event: 87.745 Thread 0x000000000db38800 Threw 0x00000007df2eca18 at C:\re\jdk7u51\527\hotspot\src\share\vm\prims\jvm.cpp:1244
Event: 87.747 Thread 0x000000000db38800 Threw 0x00000007df2f6d60 at C:\re\jdk7u51\527\hotspot\src\share\vm\prims\jvm.cpp:1244
Event: 87.752 Thread 0x000000000db38800 Threw 0x00000007df2fecb8 at C:\re\jdk7u51\527\hotspot\src\share\vm\prims\jvm.cpp:1244
Event: 87.767 Thread 0x000000000db38800 Threw 0x00000007df799250 at C:\re\jdk7u51\527\hotspot\src\share\vm\prims\jvm.cpp:1244
Event: 87.769 Thread 0x000000000db38800 Threw 0x00000007df7a1760 at C:\re\jdk7u51\527\hotspot\src\share\vm\prims\jvm.cpp:1244
Event: 87.770 Thread 0x000000000db38800 Threw 0x00000007df7a7ae0 at C:\re\jdk7u51\527\hotspot\src\share\vm\prims\jvm.cpp:1244
Event: 87.979 Thread 0x000000000db38800 Threw 0x00000007dfc80528 at C:\re\jdk7u51\527\hotspot\src\share\vm\prims\jvm.cpp:1244

Events (10 events):
Event: 88.717 loading class 0x000000000daf6f30 done
Event: 88.723 loading class 0x00000000021d2d20
Event: 88.723 loading class 0x00000000021d2cc0
Event: 88.723 loading class 0x00000000021d2cc0 done
Event: 88.723 loading class 0x00000000021d2d20 done
Event: 88.724 Thread 0x000000000db3e000 Thread exited: 0x000000000db3e000
Event: 88.725 Executing VM operation: RevokeBias
Event: 88.726 Executing VM operation: RevokeBias done
Event: 88.727 Thread 0x000000000db40800 Thread exited: 0x000000000db40800
Event: 88.727 Executing VM operation: RevokeBias


Dynamic libraries:
0x000000013f3e0000 - 0x000000013f413000 	C:\Program Files\Java\jdk1.7.0_51\bin\java.exe
0x0000000076de0000 - 0x0000000076f89000 	C:\Windows\SYSTEM32\ntdll.dll
0x0000000076bc0000 - 0x0000000076cdf000 	C:\Windows\system32\kernel32.dll
0x000007fefd070000 - 0x000007fefd0db000 	C:\Windows\system32\KERNELBASE.dll
0x000007fefd5f0000 - 0x000007fefd6cb000 	C:\Windows\system32\ADVAPI32.dll
0x000007fefd9f0000 - 0x000007fefda8f000 	C:\Windows\system32\msvcrt.dll
0x000007fefd1e0000 - 0x000007fefd1ff000 	C:\Windows\SYSTEM32\sechost.dll
0x000007fefda90000 - 0x000007fefdbbd000 	C:\Windows\system32\RPCRT4.dll
0x0000000076ce0000 - 0x0000000076dda000 	C:\Windows\system32\USER32.dll
0x000007fefd580000 - 0x000007fefd5e7000 	C:\Windows\system32\GDI32.dll
0x000007fefd820000 - 0x000007fefd82e000 	C:\Windows\system32\LPK.dll
0x000007fefd830000 - 0x000007fefd8f9000 	C:\Windows\system32\USP10.dll
0x000007fefb7e0000 - 0x000007fefb9d4000 	C:\Windows\WinSxS\amd64_microsoft.windows.common-controls_6595b64144ccf1df_6.0.7601.17514_none_fa396087175ac9ac\COMCTL32.dll
0x000007fefe030000 - 0x000007fefe0a1000 	C:\Windows\system32\SHLWAPI.dll
0x000007feff0c0000 - 0x000007feff0ee000 	C:\Windows\system32\IMM32.DLL
0x000007fefd410000 - 0x000007fefd519000 	C:\Windows\system32\MSCTF.dll
0x0000000067e70000 - 0x0000000067f42000 	C:\Program Files\Java\jdk1.7.0_51\jre\bin\msvcr100.dll
0x000000005d170000 - 0x000000005d939000 	C:\Program Files\Java\jdk1.7.0_51\jre\bin\server\jvm.dll
0x000007fef12c0000 - 0x000007fef12c9000 	C:\Windows\system32\WSOCK32.dll
0x000007fefd9a0000 - 0x000007fefd9ed000 	C:\Windows\system32\WS2_32.dll
0x000007fefdd40000 - 0x000007fefdd48000 	C:\Windows\system32\NSI.dll
0x000007fefa200000 - 0x000007fefa23b000 	C:\Windows\system32\WINMM.dll
0x0000000076fa0000 - 0x0000000076fa7000 	C:\Windows\system32\PSAPI.DLL
0x0000000068280000 - 0x000000006828f000 	C:\Program Files\Java\jdk1.7.0_51\jre\bin\verify.dll
0x0000000068000000 - 0x0000000068028000 	C:\Program Files\Java\jdk1.7.0_51\jre\bin\java.dll
0x0000000068260000 - 0x0000000068275000 	C:\Program Files\Java\jdk1.7.0_51\jre\bin\zip.dll
0x0000000067fe0000 - 0x0000000067ff9000 	C:\Program Files\Java\jdk1.7.0_51\jre\bin\net.dll
0x000007fefc5a0000 - 0x000007fefc5f5000 	C:\Windows\system32\mswsock.dll
0x000007fefc590000 - 0x000007fefc597000 	C:\Windows\System32\wship6.dll
0x0000000067fc0000 - 0x0000000067fd1000 	C:\Program Files\Java\jdk1.7.0_51\jre\bin\nio.dll
0x0000000067cd0000 - 0x0000000067e65000 	C:\Program Files\Java\jdk1.7.0_51\jre\bin\awt.dll
0x000007fefd100000 - 0x000007fefd1d7000 	C:\Windows\system32\OLEAUT32.dll
0x000007fefd200000 - 0x000007fefd403000 	C:\Windows\system32\ole32.dll
0x000007fefb5d0000 - 0x000007fefb626000 	C:\Windows\system32\uxtheme.dll
0x000007fefb090000 - 0x000007fefb0a8000 	C:\Windows\system32\dwmapi.dll
0x000007fefcc60000 - 0x000007fefcc6f000 	C:\Windows\system32\CRYPTBASE.dll
0x000007fefe290000 - 0x000007feff018000 	C:\Windows\system32\SHELL32.dll
0x0000000067c10000 - 0x0000000067c1c000 	C:\Program Files\Java\jdk1.7.0_51\jre\bin\jsound.dll
0x0000000067c00000 - 0x0000000067c0b000 	C:\Program Files\Java\jdk1.7.0_51\jre\bin\jsoundds.dll
0x000007feed5b0000 - 0x000007feed638000 	C:\Windows\system32\DSOUND.dll
0x000007fefb2d0000 - 0x000007fefb2fc000 	C:\Windows\system32\POWRPROF.dll
0x000007fefe0b0000 - 0x000007fefe287000 	C:\Windows\system32\SETUPAPI.dll
0x000007fefd030000 - 0x000007fefd066000 	C:\Windows\system32\CFGMGR32.dll
0x000007fefd0e0000 - 0x000007fefd0fa000 	C:\Windows\system32\DEVOBJ.dll
0x000007fefb180000 - 0x000007fefb1cb000 	C:\Windows\system32\MMDevAPI.DLL
0x000007fefb630000 - 0x000007fefb75c000 	C:\Windows\system32\PROPSYS.dll
0x000007fef4870000 - 0x000007fef48ab000 	C:\Windows\system32\wdmaud.drv
0x000000006f520000 - 0x000000006f526000 	C:\Windows\system32\ksuser.dll
0x000007fefb120000 - 0x000007fefb129000 	C:\Windows\system32\AVRT.dll
0x000007fef4820000 - 0x000007fef486f000 	C:\Windows\system32\AUDIOSES.DLL
0x000007fef85b0000 - 0x000007fef85ba000 	C:\Windows\system32\msacm32.drv
0x000007fef47d0000 - 0x000007fef47e8000 	C:\Windows\system32\MSACM32.dll
0x000007fef85a0000 - 0x000007fef85a9000 	C:\Windows\system32\midimap.dll
0x000007feff020000 - 0x000007feff0b9000 	C:\Windows\system32\CLBCatQ.DLL
0x000007fefbf40000 - 0x000007fefbf47000 	C:\Windows\System32\wshtcpip.dll
0x000007fefc420000 - 0x000007fefc47b000 	C:\Windows\system32\DNSAPI.dll
0x000007fef9b10000 - 0x000007fef9b37000 	C:\Windows\system32\IPHLPAPI.DLL
0x000007fef9b00000 - 0x000007fef9b0b000 	C:\Windows\system32\WINNSI.DLL
0x000007fef8520000 - 0x000007fef8528000 	C:\Windows\system32\rasadhlp.dll
0x000007fef97a0000 - 0x000007fef97f3000 	C:\Windows\System32\fwpuclnt.dll
0x000007fefa970000 - 0x000007fefa985000 	C:\Windows\system32\NLAapi.dll
0x000007fef6f70000 - 0x000007fef6f85000 	C:\Windows\system32\napinsp.dll
0x000007fef6f50000 - 0x000007fef6f69000 	C:\Windows\system32\pnrpnsp.dll
0x000007fef6f40000 - 0x000007fef6f4b000 	C:\Windows\System32\winrnr.dll
0x000007feecf20000 - 0x000007feed11f000 	C:\Windows\system32\d3d9.dll
0x000007fefbe70000 - 0x000007fefbe7c000 	C:\Windows\system32\VERSION.dll
0x000007fef2750000 - 0x000007fef2757000 	C:\Windows\system32\d3d8thk.dll
0x000007feeb970000 - 0x000007feec865000 	C:\Windows\system32\nvd3dumx.dll
0x0000000067f70000 - 0x0000000067fb7000 	C:\Program Files\Java\jdk1.7.0_51\jre\bin\fontmanager.dll
0x0000000067970000 - 0x00000000679a0000 	C:\Program Files\Java\jdk1.7.0_51\jre\bin\jpeg.dll
0x0000000067c80000 - 0x0000000067cc1000 	C:\Program Files\Java\jdk1.7.0_51\jre\bin\t2k.dll
0x000007fefc600000 - 0x000007fefc617000 	C:\Windows\system32\CRYPTSP.dll
0x000007fefc300000 - 0x000007fefc347000 	C:\Windows\system32\rsaenh.dll
0x000007fefc080000 - 0x000007fefc09e000 	C:\Windows\system32\USERENV.dll
0x000007fefcd30000 - 0x000007fefcd3f000 	C:\Windows\system32\profapi.dll
0x0000000180000000 - 0x0000000180037000 	C:\Users\ADOLFO\AppData\Local\Temp\jna3483746304756947351.dll
0x0000000016b20000 - 0x0000000016cda000 	C:\Users\ADOLFO\Desktop\SigesAsistenciaBiomini\UFScanner.dll
0x000007fef9b60000 - 0x000007fef9bd1000 	C:\Windows\system32\WINSPOOL.DRV
0x000000000cfb0000 - 0x000000000d030000 	C:\Users\ADOLFO\Desktop\SigesAsistenciaBiomini\UFMatcher.dll
0x000007fefcff0000 - 0x000007fefd02a000 	C:\Windows\system32\WINTRUST.dll
0x000007fefce80000 - 0x000007fefcfe7000 	C:\Windows\system32\CRYPT32.dll
0x000007fefcdd0000 - 0x000007fefcddf000 	C:\Windows\system32\MSASN1.dll
0x000007fefb0b0000 - 0x000007fefb0bb000 	C:\Windows\system32\HID.DLL
0x0000000067b10000 - 0x0000000067b3a000 	C:\Program Files\Java\jdk1.7.0_51\jre\bin\dcpr.dll
0x000007fefcc00000 - 0x000007fefcc57000 	C:\Windows\system32\apphelp.dll
0x000007fefaf20000 - 0x000007fefb04a000 	C:\Windows\system32\WindowsCodecs.dll
0x000007fef7bd0000 - 0x000007fef7c05000 	C:\Windows\system32\EhStorShell.dll
0x000007fef7560000 - 0x000007fef7bd0000 	C:\PROGRA~1\MICROS~2\Office14\GROOVEEX.DLL
0x0000000072810000 - 0x00000000728ad000 	C:\Windows\WinSxS\amd64_microsoft.vc90.crt_1fc8b3b9a1e18e3b_9.0.30729.4940_none_08e4299fa83d7e3c\MSVCR90.dll
0x0000000071e70000 - 0x0000000071f43000 	C:\Windows\WinSxS\amd64_microsoft.vc90.crt_1fc8b3b9a1e18e3b_9.0.30729.4940_none_08e4299fa83d7e3c\MSVCP90.dll
0x0000000072060000 - 0x000000007208f000 	C:\Windows\WinSxS\amd64_microsoft.vc90.atl_1fc8b3b9a1e18e3b_9.0.30729.4148_none_0a1d2fcba76b3f00\ATL90.DLL
0x000007fef7140000 - 0x000007fef755a000 	C:\PROGRA~1\COMMON~1\MICROS~1\OFFICE14\Cultures\office.odf
0x000007fef5710000 - 0x000007fef5f90000 	C:\PROGRA~1\MICROS~2\Office14\3082\GrooveIntlResource.dll
0x000007fef70c0000 - 0x000007fef713e000 	C:\Windows\System32\cscui.dll
0x000007fef70b0000 - 0x000007fef70bc000 	C:\Windows\System32\CSCDLL.dll
0x000007fef7c20000 - 0x000007fef7c2f000 	C:\Windows\system32\CSCAPI.dll
0x000007fef7030000 - 0x000007fef70b0000 	C:\Windows\system32\ntshrui.dll
0x000007fefc960000 - 0x000007fefc983000 	C:\Windows\system32\srvcli.dll
0x000007fefa740000 - 0x000007fefa74b000 	C:\Windows\system32\slc.dll
0x0000000066730000 - 0x0000000066769000 	C:\Program Files\Java\jdk1.7.0_51\jre\bin\kcms.dll
0x000007fef2120000 - 0x000007fef2245000 	C:\Windows\system32\dbghelp.dll

VM Arguments:
jvm_args: -Dfile.encoding=UTF-8 
java_command: org.adox.app.Main
Launcher Type: SUN_STANDARD

Environment Variables:
JAVA_HOME=C:\Program Files\Java\jdk1.7.0_79
CLASSPATH=.;.;C:\PROGRA~2\JMF21~1.1E\lib\sound.jar;C:\PROGRA~2\JMF21~1.1E\lib\jmf.jar;C:\PROGRA~2\JMF21~1.1E\lib;
PATH=JAVA_HOME\bin;C:\oraclexe\app\oracle\product\10.2.0\server\bin;c:\program files (x86)\nvidia corporation\physx\common;C:\Windows\system32;C:\Windows;C:\Windows\system32\wbem;C:\Windows\system32\windowspowershell\v1.0\;c:\program files (x86)\toshiba\bluetooth toshiba stack\sys\;c:\program files (x86)\toshiba\bluetooth toshiba stack\sys\x64\;:\program files (x86)\ibm\gsk8\lib;C:\Program Files\MySQL\MySQL Server 5.1\bin;C:\apache-ant-1.9.3\bin;D:\ADOLFO\PROYECTO_FUENTES\Workspace_Admin\LibrariesSaas\src\main\resources\properties\\bin
USERNAME=ADOLFO
OS=Windows_NT
PROCESSOR_IDENTIFIER=Intel64 Family 6 Model 37 Stepping 2, GenuineIntel



---------------  S Y S T E M  ---------------

OS: Windows 7 , 64 bit Build 7601 Service Pack 1

CPU:total 4 (2 cores per cpu, 2 threads per core) family 6 model 37 stepping 2, cmov, cx8, fxsr, mmx, sse, sse2, sse3, ssse3, sse4.1, sse4.2, popcnt, ht, tsc, tscinvbit

Memory: 4k page, physical 8248160k(4752468k free), swap 16494476k(11400820k free)

vm_info: Java HotSpot(TM) 64-Bit Server VM (24.51-b03) for windows-amd64 JRE (1.7.0_51-b13), built on Dec 18 2013 18:40:56 by "java_re" with unknown MS VC++:1600

time: Sun Jan 22 16:13:36 2017
elapsed time: 88 seconds

